 
****************************************
Report : power
        -analysis_effort low
Design : pe_tile_new_unq1
Version: L-2016.03-SP5-5
Date   : Tue Oct  1 02:55:35 2019
****************************************


Library(s) Used:

    tcbn40lpbwptc (File: /tsmc40r/pdk/2019.05.21_TSMC/tcbn40lpbwp_200a/tcbn40lpbwp_200a_nldm/TSMCHOME/digital/Front_End/timing_power_noise/NLDM/tcbn40lpbwp_200a/tcbn40lpbwptc.db)


Operating Conditions: NCCOM   Library: tcbn40lpbwptc
Wire Load Model Mode: Inactive.


Global Operating Voltage = 1.1  
Power-specific unit information :
    Voltage Units = 1V
    Capacitance Units = 1.000000pf
    Time Units = 1ns
    Dynamic Power Units = 1mW    (derived from V,C,T units)
    Leakage Power Units = 1nW

Warning: Cannot report correlated power unless power prediction mode is set. (PWR-727)
Power Breakdown
---------------

                             Cell        Driven Net  Tot Dynamic      Cell
                             Internal    Switching   Power (mW)       Leakage
Cell                         Power (mW)  Power (mW)  (% Cell/Tot)     Power (nW)
--------------------------------------------------------------------------------
Netlist Power                   1.4134      1.2558   2.669e+00 (53%)  1.231e+03
Estimated Clock Tree Power   N/A         N/A          (N/A)           N/A
--------------------------------------------------------------------------------

                 Internal         Switching           Leakage            Total
Power Group      Power            Power               Power              Power   (   %    )  Attrs
--------------------------------------------------------------------------------------------------
io_pad             0.0000            0.0000            0.0000            0.0000  (   0.00%)
memory             0.0000            0.0000            0.0000            0.0000  (   0.00%)
black_box          0.0000            0.0000            0.0000            0.0000  (   0.00%)
clock_network  8.4884e-02            0.1481           10.8645            0.2330  (   8.72%)
register           0.8882        1.1693e-02          256.6307            0.9001  (  33.71%)
sequential         0.0000            0.0000            0.0000            0.0000  (   0.00%)
combinational      0.4403            1.0961          963.4236            1.5374  (  57.57%)
--------------------------------------------------------------------------------------------------
Total              1.4134 mW         1.2558 mW     1.2309e+03 nW         2.6704 mW
1
