****************************************
Report : Averaged Power
	-nosplit
Design : pe_tile_new_unq1
Version: Q-2019.12-SP2
Date   : Mon May  3 16:31:46 2021
****************************************



  Attributes
  ----------
      i  -  Including register clock pin internal power
      u  -  User defined power group

                        Internal  Switching  Leakage    Total
Power Group             Power     Power      Power      Power   (     %)  Attrs
--------------------------------------------------------------------------------
clock_network           2.520e-04 7.503e-05 2.486e-08 3.270e-04 (48.12%)  i
register                1.689e-05 1.301e-05 2.442e-07 3.014e-05 ( 4.43%)  
combinational           7.084e-05 2.512e-04 4.292e-07 3.224e-04 (47.45%)  
sequential                 0.0000    0.0000    0.0000    0.0000 ( 0.00%)  
memory                     0.0000    0.0000    0.0000    0.0000 ( 0.00%)  
io_pad                     0.0000    0.0000    0.0000    0.0000 ( 0.00%)  
black_box                  0.0000    0.0000    0.0000    0.0000 ( 0.00%)  

  Net Switching Power  = 3.392e-04   (49.91%)
  Cell Internal Power  = 3.397e-04   (49.98%)
  Cell Leakage Power   = 6.983e-07   ( 0.10%)
                         ---------
Total Power            = 6.796e-04  (100.00%)

1
