****************************************
Report : Averaged Power
	-nosplit
Design : pe_tile_new_unq1
Version: Q-2019.12-SP2
Date   : Mon May  3 16:23:33 2021
****************************************



  Attributes
  ----------
      i  -  Including register clock pin internal power
      u  -  User defined power group

                        Internal  Switching  Leakage    Total
Power Group             Power     Power      Power      Power   (     %)  Attrs
--------------------------------------------------------------------------------
clock_network           2.492e-04 7.442e-05 2.484e-08 3.236e-04 (64.01%)  i
register                8.411e-06 6.402e-06 2.442e-07 1.506e-05 ( 2.98%)  
combinational           3.583e-05 1.307e-04 4.217e-07 1.669e-04 (33.02%)  
sequential                 0.0000    0.0000    0.0000    0.0000 ( 0.00%)  
memory                     0.0000    0.0000    0.0000    0.0000 ( 0.00%)  
io_pad                     0.0000    0.0000    0.0000    0.0000 ( 0.00%)  
black_box                  0.0000    0.0000    0.0000    0.0000 ( 0.00%)  

  Net Switching Power  = 2.115e-04   (41.83%)
  Cell Internal Power  = 2.934e-04   (58.03%)
  Cell Leakage Power   = 6.907e-07   ( 0.14%)
                         ---------
Total Power            = 5.056e-04  (100.00%)

1
