****************************************
Report : Averaged Power
	-nosplit
Design : pe_tile_new_unq1
Version: Q-2019.12-SP2
Date   : Mon May  3 23:51:09 2021
****************************************



  Attributes
  ----------
      i  -  Including register clock pin internal power
      u  -  User defined power group

                        Internal  Switching  Leakage    Total
Power Group             Power     Power      Power      Power   (     %)  Attrs
--------------------------------------------------------------------------------
clock_network           2.493e-04 7.235e-05 2.468e-08 3.217e-04 (60.08%)  i
register                8.430e-06 1.084e-05 2.415e-07 1.951e-05 ( 3.64%)  
combinational           3.551e-05 1.582e-04 4.798e-07 1.942e-04 (36.28%)  
sequential                 0.0000    0.0000    0.0000    0.0000 ( 0.00%)  
memory                     0.0000    0.0000    0.0000    0.0000 ( 0.00%)  
io_pad                     0.0000    0.0000    0.0000    0.0000 ( 0.00%)  
black_box                  0.0000    0.0000    0.0000    0.0000 ( 0.00%)  

  Net Switching Power  = 2.414e-04   (45.09%)
  Cell Internal Power  = 2.932e-04   (54.77%)
  Cell Leakage Power   = 7.460e-07   ( 0.14%)
                         ---------
Total Power            = 5.354e-04  (100.00%)

1
