****************************************
Report : Averaged Power
	-nosplit
Design : pe_tile_new_unq1
Version: Q-2019.12-SP2
Date   : Mon May  3 16:22:00 2021
****************************************



  Attributes
  ----------
      i  -  Including register clock pin internal power
      u  -  User defined power group

                        Internal  Switching  Leakage    Total
Power Group             Power     Power      Power      Power   (     %)  Attrs
--------------------------------------------------------------------------------
clock_network           2.492e-04 7.442e-05 2.484e-08 3.236e-04 (60.90%)  i
register                1.009e-05 8.004e-06 2.442e-07 1.834e-05 ( 3.45%)  
combinational           4.061e-05 1.484e-04 4.232e-07 1.894e-04 (35.65%)  
sequential                 0.0000    0.0000    0.0000    0.0000 ( 0.00%)  
memory                     0.0000    0.0000    0.0000    0.0000 ( 0.00%)  
io_pad                     0.0000    0.0000    0.0000    0.0000 ( 0.00%)  
black_box                  0.0000    0.0000    0.0000    0.0000 ( 0.00%)  

  Net Switching Power  = 2.308e-04   (43.44%)
  Cell Internal Power  = 2.999e-04   (56.43%)
  Cell Leakage Power   = 6.923e-07   ( 0.13%)
                         ---------
Total Power            = 5.314e-04  (100.00%)

1
