****************************************
Report : Averaged Power
	-nosplit
Design : pe_tile_new_unq1
Version: Q-2019.12-SP2
Date   : Wed Apr 14 14:33:27 2021
****************************************



  Attributes
  ----------
      i  -  Including register clock pin internal power
      u  -  User defined power group

                        Internal  Switching  Leakage    Total
Power Group             Power     Power      Power      Power   (     %)  Attrs
--------------------------------------------------------------------------------
clock_network           2.530e-04 7.408e-05 2.430e-08 3.271e-04 (48.25%)  i
register                1.032e-05 1.064e-05 2.660e-07 2.123e-05 ( 3.13%)  
combinational           7.419e-05 2.547e-04 6.838e-07 3.295e-04 (48.62%)  
sequential                 0.0000    0.0000    0.0000    0.0000 ( 0.00%)  
memory                     0.0000    0.0000    0.0000    0.0000 ( 0.00%)  
io_pad                     0.0000    0.0000    0.0000    0.0000 ( 0.00%)  
black_box                  0.0000    0.0000    0.0000    0.0000 ( 0.00%)  

  Net Switching Power  = 3.394e-04   (50.07%)
  Cell Internal Power  = 3.375e-04   (49.79%)
  Cell Leakage Power   = 9.741e-07   ( 0.14%)
                         ---------
Total Power            = 6.779e-04  (100.00%)

1
