 
****************************************
Report : power
        -analysis_effort low
Design : pe_tile_new_unq1
Version: L-2016.03-SP5-5
Date   : Tue Oct  1 03:16:08 2019
****************************************


Library(s) Used:

    tcbn40lpbwptc (File: /tsmc40r/pdk/2019.05.21_TSMC/tcbn40lpbwp_200a/tcbn40lpbwp_200a_nldm/TSMCHOME/digital/Front_End/timing_power_noise/NLDM/tcbn40lpbwp_200a/tcbn40lpbwptc.db)
    hybrid40tt (File: /home/akashl/Hybrid-RRAM-NEMS/model/sismart/devicetest/models/liberty/nldm_hybrid40tt.db)


Operating Conditions: NCCOM   Library: tcbn40lpbwptc
Wire Load Model Mode: Inactive.


Global Operating Voltage = 1.1  
Power-specific unit information :
    Voltage Units = 1V
    Capacitance Units = 1.000000pf
    Time Units = 1ns
    Dynamic Power Units = 1mW    (derived from V,C,T units)
    Leakage Power Units = 1nW

Warning: Cannot report correlated power unless power prediction mode is set. (PWR-727)
Power Breakdown
---------------

                             Cell        Driven Net  Tot Dynamic      Cell
                             Internal    Switching   Power (mW)       Leakage
Cell                         Power (mW)  Power (mW)  (% Cell/Tot)     Power (nW)
--------------------------------------------------------------------------------
Netlist Power                   1.2960      1.2011   2.497e+00 (52%)  1.267e+03
Estimated Clock Tree Power   N/A         N/A          (N/A)           N/A
--------------------------------------------------------------------------------

                 Internal         Switching           Leakage            Total
Power Group      Power            Power               Power              Power   (   %    )  Attrs
--------------------------------------------------------------------------------------------------
io_pad             0.0000            0.0000            0.0000            0.0000  (   0.00%)
memory             0.0000            0.0000            0.0000            0.0000  (   0.00%)
black_box          0.0000            0.0000            0.0000            0.0000  (   0.00%)
clock_network  1.6018e-02            0.1098            1.9734            0.1259  (   5.04%)
register           0.8857        1.2448e-02          136.9068            0.8983  (  35.96%)
sequential         0.0000            0.0000            0.0000            0.0000  (   0.00%)
combinational      0.3943            1.0788          835.6033            1.4739  (  59.00%)
--------------------------------------------------------------------------------------------------
Total              1.2960 mW         1.2011 mW       974.4835 nW         2.4981 mW
1
