****************************************
Report : Averaged Power
	-hierarchy
	-nosplit
Design : pe_tile_new_unq1
Version: Q-2019.12-SP2
Date   : Mon Jan 18 22:37:37 2021
****************************************



                                      Int      Switch   Leak      Total
Hierarchy                             Power    Power    Power     Power    %
--------------------------------------------------------------------------------
pe_tile_new_unq1                      2.59e-04 9.85e-05 6.65e-07  3.58e-04 100.0
  test_pe (test_pe_unq1)              9.89e-06 8.25e-06 1.96e-07  1.83e-05   5.1
    test_opt_reg_file (test_opt_reg_file_DataWidth16) 5.91e-07 4.26e-07 1.05e-08 1.03e-06   0.3
      clk_gate_data_in_reg_reg_0_ (SNPS_CLOCK_GATE_HIGH_test_opt_reg_file_DataWidth16) 4.84e-07    0.000 4.33e-10 4.84e-07   0.1
    clk_gate_op_code_reg (SNPS_CLOCK_GATE_HIGH_test_pe_unq1) 5.07e-07    0.000 7.28e-10 5.07e-07   0.1
    test_opt_reg_a (test_opt_reg_DataWidth16) 6.52e-07 4.66e-07 1.02e-08 1.13e-06   0.3
      clk_gate_data_in_reg_reg (SNPS_CLOCK_GATE_HIGH_test_opt_reg_DataWidth16) 4.84e-07    0.000 4.33e-10 4.84e-07   0.1
    test_opt_reg_d (test_opt_reg_DataWidth1_2) 6.24e-07    0.000 8.81e-10 6.25e-07   0.2
    test_opt_reg_e (test_opt_reg_DataWidth1_1) 6.24e-07    0.000 8.81e-10 6.25e-07   0.2
    test_opt_reg_f (test_opt_reg_DataWidth1_0) 6.24e-07    0.000 8.81e-10 6.25e-07   0.2
    test_lut (test_lut_DataWidth1)    4.85e-07    0.000 4.28e-09  4.89e-07   0.1
      clk_gate_GEN_LUT_0__lut_reg (SNPS_CLOCK_GATE_HIGH_test_lut_DataWidth1) 4.85e-07    0.000 3.82e-10 4.85e-07   0.1
    test_pe_comp (test_pe_comp_unq1)  4.23e-06 4.85e-06 1.30e-07  9.21e-06   2.6
      test_shifter (test_shifter_unq1_DataWidth16) 2.91e-07 4.83e-07 8.30e-09 7.83e-07   0.2
      cmpr (test_cmpr)                4.70e-10 1.23e-09 9.21e-10  2.62e-09   0.0
      GEN_ADD_0__full_add (test_full_add_DataWidth16) 1.58e-07 1.57e-07 3.20e-09 3.18e-07   0.1
        DP_OP_5J4_122_5729 (test_full_add_DataWidth16_DP_OP_5J4_122_5729_J4_0) 1.58e-07 1.57e-07 3.20e-09 3.18e-07   0.1
      test_mult_add (test_mult_add_DataWidth16) 3.09e-06 3.14e-06 8.50e-08 6.31e-06   1.8
        mult_x_1 (test_mult_add_DataWidth16_DW_mult_tc_1) 3.09e-06 3.14e-06 8.49e-08 6.31e-06   1.8
    test_debug_data (test_debug_reg_DataWidth16) 5.51e-07 4.62e-08 9.31e-09 6.06e-07   0.2
      clk_gate_debug_val_reg (SNPS_CLOCK_GATE_HIGH_test_debug_reg_DataWidth16) 4.84e-07    0.000 4.33e-10 4.84e-07   0.1
    test_debug_bit (test_debug_reg_DataWidth1) 6.05e-07    0.000 5.25e-10 6.06e-07   0.2
  sb_1b (sb_unq2)                     1.27e-05 7.66e-11 5.97e-08  1.28e-05   3.6
    clk_gate_config_sb_reg_0 (SNPS_CLOCK_GATE_HIGH_sb_unq2_2) 5.07e-07    0.000 6.07e-10 5.08e-07   0.1
    clk_gate_config_sb_reg (SNPS_CLOCK_GATE_HIGH_sb_unq2_0) 5.06e-07    0.000 7.28e-10 5.06e-07   0.1
    clk_gate_config_ungate_reg (SNPS_CLOCK_GATE_HIGH_sb_unq2_1) 5.06e-07    0.000 7.28e-10 5.06e-07   0.1
  sb_wide (sb_unq1)                   2.23e-04 6.41e-05 2.74e-07  2.87e-04  80.2
    clk_gate_out_3_0_id1_reg (SNPS_CLOCK_GATE_HIGH_sb_unq1_5) 1.30e-06 2.43e-06 5.20e-10 3.73e-06   1.0
    clk_gate_out_1_4_id1_reg (SNPS_CLOCK_GATE_HIGH_sb_unq1_11) 1.29e-06 2.37e-06 5.20e-10 3.66e-06   1.0
    clk_gate_out_0_4_id1_reg (SNPS_CLOCK_GATE_HIGH_sb_unq1_16) 1.29e-06 2.22e-06 5.20e-10 3.52e-06   1.0
    clk_gate_out_1_1_id1_reg (SNPS_CLOCK_GATE_HIGH_sb_unq1_14) 1.49e-06 2.55e-06 6.29e-10 4.04e-06   1.1
    clk_gate_out_0_1_id1_reg (SNPS_CLOCK_GATE_HIGH_sb_unq1_19) 1.49e-06 2.33e-06 6.29e-10 3.82e-06   1.1
    clk_gate_out_3_4_id1_reg (SNPS_CLOCK_GATE_HIGH_sb_unq1_1) 1.06e-06 2.26e-06 4.64e-10 3.32e-06   0.9
    clk_gate_out_2_4_id1_reg (SNPS_CLOCK_GATE_HIGH_sb_unq1_6) 1.30e-06 2.41e-06 5.20e-10 3.70e-06   1.0
    clk_gate_out_2_1_id1_reg (SNPS_CLOCK_GATE_HIGH_sb_unq1_9) 1.29e-06 2.44e-06 5.20e-10 3.74e-06   1.0
    clk_gate_config_sb_reg (SNPS_CLOCK_GATE_HIGH_sb_unq1_0) 5.06e-07    0.000 7.28e-10 5.06e-07   0.1
    clk_gate_out_0_2_id1_reg (SNPS_CLOCK_GATE_HIGH_sb_unq1_18) 1.06e-06 2.12e-06 4.64e-10 3.18e-06   0.9
    clk_gate_out_3_1_id1_reg (SNPS_CLOCK_GATE_HIGH_sb_unq1_4) 1.06e-06 2.17e-06 4.64e-10 3.24e-06   0.9
    clk_gate_out_1_2_id1_reg (SNPS_CLOCK_GATE_HIGH_sb_unq1_13) 1.29e-06 2.33e-06 5.20e-10 3.62e-06   1.0
    clk_gate_out_3_2_id1_reg (SNPS_CLOCK_GATE_HIGH_sb_unq1_3) 1.30e-06 2.34e-06 5.20e-10 3.64e-06   1.0
    clk_gate_out_2_2_id1_reg (SNPS_CLOCK_GATE_HIGH_sb_unq1_8) 1.30e-06 2.46e-06 5.20e-10 3.75e-06   1.0
    clk_gate_out_0_3_id1_reg (SNPS_CLOCK_GATE_HIGH_sb_unq1_17) 1.49e-06 2.21e-06 6.29e-10 3.69e-06   1.0
    clk_gate_config_sb_reg_0 (SNPS_CLOCK_GATE_HIGH_sb_unq1_22) 5.06e-07    0.000 7.28e-10 5.06e-07   0.1
    clk_gate_out_0_0_id1_reg (SNPS_CLOCK_GATE_HIGH_sb_unq1_20) 1.49e-06 2.26e-06 6.29e-10 3.75e-06   1.0
    clk_gate_out_2_3_id1_reg (SNPS_CLOCK_GATE_HIGH_sb_unq1_7) 1.30e-06 2.28e-06 5.20e-10 3.57e-06   1.0
    clk_gate_out_1_3_id1_reg (SNPS_CLOCK_GATE_HIGH_sb_unq1_12) 1.29e-06 2.15e-06 5.20e-10 3.44e-06   1.0
    clk_gate_out_2_0_id1_reg (SNPS_CLOCK_GATE_HIGH_sb_unq1_10) 1.29e-06 2.24e-06 5.20e-10 3.53e-06   1.0
    clk_gate_config_ungate_reg (SNPS_CLOCK_GATE_HIGH_sb_unq1_21) 5.06e-07    0.000 7.28e-10 5.07e-07   0.1
    clk_gate_out_1_0_id1_reg (SNPS_CLOCK_GATE_HIGH_sb_unq1_15) 1.49e-06 2.26e-06 6.29e-10 3.75e-06   1.0
    clk_gate_out_3_3_id1_reg (SNPS_CLOCK_GATE_HIGH_sb_unq1_2) 1.06e-06 2.23e-06 4.64e-10 3.29e-06   0.9
  cb_cg_en (cb_unq2_0)                5.07e-07    0.000 1.56e-08  5.22e-07   0.1
    clk_gate_config_cb_reg (SNPS_CLOCK_GATE_HIGH_cb_unq2_0_0) 5.07e-07    0.000 7.28e-10 5.07e-07   0.1
  cb_data0 (cb_unq1_1)                5.84e-07 2.40e-07 2.33e-08  8.48e-07   0.2
    clk_gate_config_cb_reg (SNPS_CLOCK_GATE_HIGH_cb_unq1_0_1) 5.07e-07    0.000 7.28e-10 5.07e-07   0.1
  cb_data1 (cb_unq1_0)                5.60e-07 2.25e-07 2.25e-08  8.07e-07   0.2
    clk_gate_config_cb_reg (SNPS_CLOCK_GATE_HIGH_cb_unq1_0_0) 5.07e-07    0.000 7.28e-10 5.07e-07   0.1
  cb_bit0 (cb_unq2_3)                 5.07e-07    0.000 1.59e-08  5.22e-07   0.1
    clk_gate_config_cb_reg (SNPS_CLOCK_GATE_HIGH_cb_unq2_0_3) 5.07e-07    0.000 7.28e-10 5.07e-07   0.1
  cb_bit1 (cb_unq2_2)                 5.08e-07    0.000 1.54e-08  5.24e-07   0.1
    clk_gate_config_cb_reg (SNPS_CLOCK_GATE_HIGH_cb_unq2_0_2) 5.08e-07    0.000 6.07e-10 5.09e-07   0.1
  cb_bit2 (cb_unq2_1)                 5.07e-07 1.68e-11 1.56e-08  5.22e-07   0.1
    clk_gate_config_cb_reg (SNPS_CLOCK_GATE_HIGH_cb_unq2_0_1) 5.07e-07    0.000 7.28e-10 5.07e-07   0.1
1
