****************************************
Report : Averaged Power
	-nosplit
Design : pe_tile_new_unq1
Version: Q-2019.12-SP2
Date   : Tue Mar 16 02:27:00 2021
****************************************



  Attributes
  ----------
      i  -  Including register clock pin internal power
      u  -  User defined power group

                        Internal  Switching  Leakage    Total
Power Group             Power     Power      Power      Power   (     %)  Attrs
--------------------------------------------------------------------------------
clock_network           2.580e-04 7.508e-05 2.511e-08 3.331e-04 (51.56%)  i
register                1.446e-05 1.262e-05 2.808e-07 2.735e-05 ( 4.23%)  
combinational           6.403e-05 2.210e-04 5.855e-07 2.856e-04 (44.21%)  
sequential                 0.0000    0.0000    0.0000    0.0000 ( 0.00%)  
memory                     0.0000    0.0000    0.0000    0.0000 ( 0.00%)  
io_pad                     0.0000    0.0000    0.0000    0.0000 ( 0.00%)  
black_box                  0.0000    0.0000    0.0000    0.0000 ( 0.00%)  

  Net Switching Power  = 3.087e-04   (47.78%)
  Cell Internal Power  = 3.365e-04   (52.08%)
  Cell Leakage Power   = 8.914e-07   ( 0.14%)
                         ---------
Total Power            = 6.460e-04  (100.00%)

1
