****************************************
Report : Averaged Power
	-nosplit
Design : pe_tile_new_unq1
Version: Q-2019.12-SP2
Date   : Tue Mar 16 02:26:07 2021
****************************************



  Attributes
  ----------
      i  -  Including register clock pin internal power
      u  -  User defined power group

                        Internal  Switching  Leakage    Total
Power Group             Power     Power      Power      Power   (     %)  Attrs
--------------------------------------------------------------------------------
clock_network           2.561e-04 7.457e-05 2.510e-08 3.307e-04 (52.31%)  i
register                1.195e-05 1.055e-05 2.808e-07 2.277e-05 ( 3.60%)  
combinational           5.840e-05 2.197e-04 5.861e-07 2.787e-04 (44.09%)  
sequential                 0.0000    0.0000    0.0000    0.0000 ( 0.00%)  
memory                     0.0000    0.0000    0.0000    0.0000 ( 0.00%)  
io_pad                     0.0000    0.0000    0.0000    0.0000 ( 0.00%)  
black_box                  0.0000    0.0000    0.0000    0.0000 ( 0.00%)  

  Net Switching Power  = 3.048e-04   (48.22%)
  Cell Internal Power  = 3.264e-04   (51.64%)
  Cell Leakage Power   = 8.921e-07   ( 0.14%)
                         ---------
Total Power            = 6.321e-04  (100.00%)

1
