****************************************
Report : Averaged Power
	-hierarchy
	-nosplit
Design : pe_tile_new_unq1
Version: Q-2019.12-SP2
Date   : Tue Mar 16 02:25:54 2021
****************************************



                                      Int      Switch   Leak      Total
Hierarchy                             Power    Power    Power     Power    %
--------------------------------------------------------------------------------
pe_tile_new_unq1                      3.44e-04 3.61e-04 8.93e-07  7.06e-04 100.0
  sb_1b (pe_tile_new_unq1_sb_unq2_0)  1.30e-05    0.000 6.60e-08  1.30e-05   1.8
    clk_gate_config_sb_reg_0 (pe_tile_new_unq1_SNPS_CLOCK_GATE_HIGH_sb_unq2_2) 5.07e-07    0.000 7.28e-10 5.07e-07   0.1
    clk_gate_config_sb_reg (pe_tile_new_unq1_SNPS_CLOCK_GATE_HIGH_sb_unq2_0) 5.07e-07    0.000 7.28e-10 5.07e-07   0.1
    clk_gate_config_ungate_reg (pe_tile_new_unq1_SNPS_CLOCK_GATE_HIGH_sb_unq2_1) 5.07e-07    0.000 7.28e-10 5.07e-07   0.1
  cb_bit0 (pe_tile_new_unq1_cb_unq2_3) 5.07e-07    0.000 1.55e-08 5.22e-07   0.1
    clk_gate_config_cb_reg (pe_tile_new_unq1_SNPS_CLOCK_GATE_HIGH_cb_unq2_0_0) 5.07e-07    0.000 7.28e-10 5.07e-07   0.1
  cb_bit1 (pe_tile_new_unq1_cb_unq2_2) 5.07e-07    0.000 1.56e-08 5.22e-07   0.1
    clk_gate_config_cb_reg (pe_tile_new_unq1_SNPS_CLOCK_GATE_HIGH_cb_unq2_0_3) 5.07e-07    0.000 7.28e-10 5.07e-07   0.1
  cb_bit2 (pe_tile_new_unq1_cb_unq2_1) 5.08e-07    0.000 1.54e-08 5.23e-07   0.1
    clk_gate_config_cb_reg (pe_tile_new_unq1_SNPS_CLOCK_GATE_HIGH_cb_unq2_0_2) 5.08e-07    0.000 6.07e-10 5.09e-07   0.1
  sb_wide (pe_tile_new_unq1_sb_unq1_0) 2.50e-04 1.15e-04 3.55e-07 3.66e-04  51.8
    clk_gate_out_2_4_id1_bar_reg (pe_tile_new_unq1_SNPS_CLOCK_GATE_HIGH_sb_unq1_6) 1.30e-06 2.74e-06 5.20e-10 4.03e-06   0.6
    sb_decoder_4to1_mux_0_0 (pe_tile_new_unq1_sb_decoder_4to1_mux_0)    0.000    0.000 5.43e-10 5.43e-10   0.0
    sb_decoder_4to1_mux_0_1 (pe_tile_new_unq1_sb_decoder_4to1_mux_19)    0.000    0.000 5.06e-10 5.06e-10   0.0
    sb_decoder_4to1_mux_0_2 (pe_tile_new_unq1_sb_decoder_4to1_mux_18)    0.000    0.000 5.06e-10 5.06e-10   0.0
    sb_decoder_4to1_mux_0_3 (pe_tile_new_unq1_sb_decoder_4to1_mux_17)    0.000    0.000 5.06e-10 5.06e-10   0.0
    sb_decoder_4to1_mux_0_4 (pe_tile_new_unq1_sb_decoder_4to1_mux_16)    0.000    0.000 5.06e-10 5.06e-10   0.0
    clk_gate_out_1_1_id1_bar_reg (pe_tile_new_unq1_SNPS_CLOCK_GATE_HIGH_sb_unq1_14) 1.29e-06 2.44e-06 5.20e-10 3.73e-06   0.5
    clk_gate_out_0_3_id1_bar_reg (pe_tile_new_unq1_SNPS_CLOCK_GATE_HIGH_sb_unq1_17) 1.30e-06 2.86e-06 5.20e-10 4.16e-06   0.6
    clk_gate_out_3_0_id1_bar_reg (pe_tile_new_unq1_SNPS_CLOCK_GATE_HIGH_sb_unq1_5) 1.29e-06 2.41e-06 5.20e-10 3.70e-06   0.5
    clk_gate_out_2_2_id1_bar_reg (pe_tile_new_unq1_SNPS_CLOCK_GATE_HIGH_sb_unq1_8) 1.30e-06 2.75e-06 5.20e-10 4.05e-06   0.6
    clk_gate_out_1_4_id1_bar_reg (pe_tile_new_unq1_SNPS_CLOCK_GATE_HIGH_sb_unq1_11) 1.30e-06 2.40e-06 5.20e-10 3.70e-06   0.5
    sb_decoder_4to1_mux_3_0 (pe_tile_new_unq1_sb_decoder_4to1_mux_5)    0.000    0.000 6.18e-10 6.18e-10   0.0
    sb_decoder_4to1_mux_3_1 (pe_tile_new_unq1_sb_decoder_4to1_mux_4)    0.000    0.000 6.75e-10 6.75e-10   0.0
    sb_decoder_4to1_mux_3_2 (pe_tile_new_unq1_sb_decoder_4to1_mux_3)    0.000    0.000 6.75e-10 6.75e-10   0.0
    sb_decoder_4to1_mux_3_3 (pe_tile_new_unq1_sb_decoder_4to1_mux_2)    0.000    0.000 6.75e-10 6.75e-10   0.0
    sb_decoder_4to1_mux_3_4 (pe_tile_new_unq1_sb_decoder_4to1_mux_1)    0.000    0.000 6.75e-10 6.75e-10   0.0
    clk_gate_out_0_1_id1_bar_reg (pe_tile_new_unq1_SNPS_CLOCK_GATE_HIGH_sb_unq1_19) 1.29e-06 2.47e-06 5.20e-10 3.76e-06   0.5
    clk_gate_out_3_3_id1_bar_reg (pe_tile_new_unq1_SNPS_CLOCK_GATE_HIGH_sb_unq1_2) 1.30e-06 2.68e-06 5.20e-10 3.98e-06   0.6
    clk_gate_out_2_0_id1_bar_reg (pe_tile_new_unq1_SNPS_CLOCK_GATE_HIGH_sb_unq1_10) 1.29e-06 2.60e-06 5.20e-10 3.89e-06   0.6
    clk_gate_out_1_2_id1_bar_reg (pe_tile_new_unq1_SNPS_CLOCK_GATE_HIGH_sb_unq1_13) 1.29e-06 2.55e-06 5.20e-10 3.85e-06   0.5
    clk_gate_out_0_4_id1_bar_reg (pe_tile_new_unq1_SNPS_CLOCK_GATE_HIGH_sb_unq1_16) 1.30e-06 2.27e-06 5.20e-10 3.57e-06   0.5
    sb_decoder_4to1_mux_2_0 (pe_tile_new_unq1_sb_decoder_4to1_mux_10)    0.000    0.000 6.25e-10 6.25e-10   0.0
    sb_decoder_4to1_mux_2_1 (pe_tile_new_unq1_sb_decoder_4to1_mux_9)    0.000    0.000 6.32e-10 6.32e-10   0.0
    sb_decoder_4to1_mux_2_2 (pe_tile_new_unq1_sb_decoder_4to1_mux_8)    0.000    0.000 6.25e-10 6.25e-10   0.0
    sb_decoder_4to1_mux_2_3 (pe_tile_new_unq1_sb_decoder_4to1_mux_7)    0.000    0.000 6.18e-10 6.18e-10   0.0
    sb_decoder_4to1_mux_2_4 (pe_tile_new_unq1_sb_decoder_4to1_mux_6)    0.000    0.000 6.18e-10 6.18e-10   0.0
    clk_gate_out_3_1_id1_bar_reg (pe_tile_new_unq1_SNPS_CLOCK_GATE_HIGH_sb_unq1_4) 1.29e-06 2.57e-06 5.20e-10 3.86e-06   0.5
    clk_gate_config_sb_reg (pe_tile_new_unq1_SNPS_CLOCK_GATE_HIGH_sb_unq1_0) 5.07e-07    0.000 7.28e-10 5.07e-07   0.1
    clk_gate_out_2_3_id1_bar_reg (pe_tile_new_unq1_SNPS_CLOCK_GATE_HIGH_sb_unq1_7) 1.30e-06 2.48e-06 5.20e-10 3.78e-06   0.5
    clk_gate_out_1_0_id1_bar_reg (pe_tile_new_unq1_SNPS_CLOCK_GATE_HIGH_sb_unq1_15) 1.29e-06 2.25e-06 5.20e-10 3.54e-06   0.5
    clk_gate_config_ungate_reg (pe_tile_new_unq1_SNPS_CLOCK_GATE_HIGH_sb_unq1_21) 5.17e-07    0.000 9.75e-10 5.18e-07   0.1
    clk_gate_out_0_2_id1_bar_reg (pe_tile_new_unq1_SNPS_CLOCK_GATE_HIGH_sb_unq1_18) 1.29e-06 2.50e-06 5.20e-10 3.79e-06   0.5
    clk_gate_out_3_4_id1_bar_reg (pe_tile_new_unq1_SNPS_CLOCK_GATE_HIGH_sb_unq1_1) 1.30e-06 2.56e-06 5.20e-10 3.86e-06   0.5
    sb_decoder_4to1_mux_1_0 (pe_tile_new_unq1_sb_decoder_4to1_mux_15)    0.000    0.000 5.06e-10 5.06e-10   0.0
    sb_decoder_4to1_mux_1_1 (pe_tile_new_unq1_sb_decoder_4to1_mux_14)    0.000    0.000 5.06e-10 5.06e-10   0.0
    sb_decoder_4to1_mux_1_2 (pe_tile_new_unq1_sb_decoder_4to1_mux_13)    0.000    0.000 5.21e-10 5.21e-10   0.0
    sb_decoder_4to1_mux_1_3 (pe_tile_new_unq1_sb_decoder_4to1_mux_12)    0.000    0.000 6.39e-10 6.39e-10   0.0
    sb_decoder_4to1_mux_1_4 (pe_tile_new_unq1_sb_decoder_4to1_mux_11)    0.000    0.000 6.18e-10 6.18e-10   0.0
    clk_gate_out_2_1_id1_bar_reg (pe_tile_new_unq1_SNPS_CLOCK_GATE_HIGH_sb_unq1_9) 1.29e-06 2.18e-06 5.20e-10 3.47e-06   0.5
    clk_gate_out_1_3_id1_bar_reg (pe_tile_new_unq1_SNPS_CLOCK_GATE_HIGH_sb_unq1_12) 1.29e-06 2.50e-06 5.20e-10 3.79e-06   0.5
    sb_decoder_2to1_mux_40 (pe_tile_new_unq1_sb_decoder_2to1_mux_0)    0.000    0.000 5.62e-11 5.62e-11   0.0
    sb_decoder_2to1_mux_41 (pe_tile_new_unq1_sb_decoder_2to1_mux_19)    0.000    0.000 5.62e-11 5.62e-11   0.0
    sb_decoder_2to1_mux_42 (pe_tile_new_unq1_sb_decoder_2to1_mux_18)    0.000    0.000 1.31e-10 1.31e-10   0.0
    sb_decoder_2to1_mux_43 (pe_tile_new_unq1_sb_decoder_2to1_mux_17)    0.000    0.000 5.62e-11 5.62e-11   0.0
    sb_decoder_2to1_mux_44 (pe_tile_new_unq1_sb_decoder_2to1_mux_16)    0.000    0.000 5.62e-11 5.62e-11   0.0
    sb_decoder_2to1_mux_45 (pe_tile_new_unq1_sb_decoder_2to1_mux_15)    0.000    0.000 5.62e-11 5.62e-11   0.0
    sb_decoder_2to1_mux_46 (pe_tile_new_unq1_sb_decoder_2to1_mux_14)    0.000    0.000 5.62e-11 5.62e-11   0.0
    sb_decoder_2to1_mux_47 (pe_tile_new_unq1_sb_decoder_2to1_mux_13)    0.000    0.000 5.62e-11 5.62e-11   0.0
    sb_decoder_2to1_mux_48 (pe_tile_new_unq1_sb_decoder_2to1_mux_12)    0.000    0.000 5.62e-11 5.62e-11   0.0
    sb_decoder_2to1_mux_49 (pe_tile_new_unq1_sb_decoder_2to1_mux_11)    0.000    0.000 5.62e-11 5.62e-11   0.0
    sb_decoder_2to1_mux_50 (pe_tile_new_unq1_sb_decoder_2to1_mux_10)    0.000    0.000 5.62e-11 5.62e-11   0.0
    sb_decoder_2to1_mux_51 (pe_tile_new_unq1_sb_decoder_2to1_mux_9)    0.000    0.000 5.62e-11 5.62e-11   0.0
    sb_decoder_2to1_mux_52 (pe_tile_new_unq1_sb_decoder_2to1_mux_8)    0.000    0.000 5.62e-11 5.62e-11   0.0
    sb_decoder_2to1_mux_53 (pe_tile_new_unq1_sb_decoder_2to1_mux_7)    0.000    0.000 5.62e-11 5.62e-11   0.0
    clk_gate_config_sb_reg_0 (pe_tile_new_unq1_SNPS_CLOCK_GATE_HIGH_sb_unq1_22) 5.17e-07    0.000 9.75e-10 5.18e-07   0.1
    sb_decoder_2to1_mux_54 (pe_tile_new_unq1_sb_decoder_2to1_mux_6)    0.000    0.000 5.62e-11 5.62e-11   0.0
    sb_decoder_2to1_mux_55 (pe_tile_new_unq1_sb_decoder_2to1_mux_5)    0.000    0.000 2.49e-10 2.49e-10   0.0
    sb_decoder_2to1_mux_56 (pe_tile_new_unq1_sb_decoder_2to1_mux_4)    0.000    0.000 2.49e-10 2.49e-10   0.0
    sb_decoder_2to1_mux_57 (pe_tile_new_unq1_sb_decoder_2to1_mux_3)    0.000    0.000 5.62e-11 5.62e-11   0.0
    sb_decoder_2to1_mux_58 (pe_tile_new_unq1_sb_decoder_2to1_mux_2)    0.000    0.000 5.62e-11 5.62e-11   0.0
    clk_gate_out_0_0_id1_bar_reg (pe_tile_new_unq1_SNPS_CLOCK_GATE_HIGH_sb_unq1_20) 1.29e-06 2.79e-06 5.20e-10 4.09e-06   0.6
    sb_decoder_2to1_mux_59 (pe_tile_new_unq1_sb_decoder_2to1_mux_1)    0.000    0.000 5.62e-11 5.62e-11   0.0
    clk_gate_out_3_2_id1_bar_reg (pe_tile_new_unq1_SNPS_CLOCK_GATE_HIGH_sb_unq1_3) 1.29e-06 2.74e-06 5.20e-10 4.03e-06   0.6
  test_pe (pe_tile_new_unq1_test_pe_unq1_0) 4.60e-05 8.85e-05 2.01e-07 1.35e-04  19.1
    test_opt_reg_file (pe_tile_new_unq1_test_opt_reg_file_DataWidth16_0) 1.10e-06 2.13e-06 1.19e-08 3.24e-06   0.5
      clk_gate_data_in_reg_reg_0_ (pe_tile_new_unq1_SNPS_CLOCK_GATE_HIGH_test_opt_reg_file_DataWidth16_0) 4.82e-07    0.000 4.33e-10 4.83e-07   0.1
    clk_gate_op_code_reg (pe_tile_new_unq1_SNPS_CLOCK_GATE_HIGH_test_pe_unq1_0) 5.17e-07    0.000 9.75e-10 5.18e-07   0.1
    test_opt_reg_a (pe_tile_new_unq1_test_opt_reg_DataWidth16_0) 1.79e-06 2.59e-06 1.02e-08 4.39e-06   0.6
      clk_gate_data_in_reg_reg (pe_tile_new_unq1_SNPS_CLOCK_GATE_HIGH_test_opt_reg_DataWidth16_0) 4.82e-07    0.000 4.33e-10 4.83e-07   0.1
    test_opt_reg_d (pe_tile_new_unq1_test_opt_reg_DataWidth1_0) 6.09e-07    0.000 8.39e-10 6.10e-07   0.1
    test_opt_reg_e (pe_tile_new_unq1_test_opt_reg_DataWidth1_2) 6.09e-07    0.000 8.39e-10 6.10e-07   0.1
    test_opt_reg_f (pe_tile_new_unq1_test_opt_reg_DataWidth1_1) 6.09e-07    0.000 8.39e-10 6.10e-07   0.1
    test_lut (pe_tile_new_unq1_test_lut_DataWidth1_0) 4.83e-07    0.000 4.21e-09 4.87e-07   0.1
      clk_gate_GEN_LUT_0__lut_reg (pe_tile_new_unq1_SNPS_CLOCK_GATE_HIGH_test_lut_DataWidth1_0) 4.83e-07    0.000 3.82e-10 4.83e-07   0.1
    test_pe_comp (pe_tile_new_unq1_test_pe_comp_unq1_0) 3.37e-05 3.99e-05 1.28e-07 7.37e-05  10.4
      test_shifter (pe_tile_new_unq1_test_shifter_unq1_DataWidth16_0) 1.27e-06 2.13e-06 9.39e-09 3.41e-06   0.5
      cmpr (pe_tile_new_unq1_test_cmpr_0) 2.66e-09 1.67e-09 6.27e-10 4.95e-09   0.0
      GEN_ADD_0__full_add (pe_tile_new_unq1_test_full_add_DataWidth16_0) 1.20e-06 6.41e-07 6.34e-09 1.84e-06   0.3
        DP_OP_5J2_122_5729 (pe_tile_new_unq1_test_full_add_DataWidth16_DP_OP_5J2_122_5729_J2_0_0) 1.20e-06 6.41e-07 6.34e-09 1.84e-06   0.3
      test_mult_add (pe_tile_new_unq1_test_mult_add_DataWidth16_0) 2.74e-05 2.86e-05 8.94e-08 5.61e-05   8.0
        mult_x_1 (pe_tile_new_unq1_test_mult_add_DataWidth16_DW_mult_tc_1_0) 2.74e-05 2.86e-05 8.93e-08 5.61e-05   8.0
    test_debug_data (pe_tile_new_unq1_test_debug_reg_DataWidth16_0) 9.72e-07 2.63e-07 8.24e-09 1.24e-06   0.2
      clk_gate_debug_val_reg (pe_tile_new_unq1_SNPS_CLOCK_GATE_HIGH_test_debug_reg_DataWidth16_0) 4.82e-07    0.000 4.33e-10 4.83e-07   0.1
    test_debug_bit (pe_tile_new_unq1_test_debug_reg_DataWidth1_0) 6.09e-07    0.000 5.25e-10 6.09e-07   0.1
  cb_data0 (pe_tile_new_unq1_cb_unq1_0) 6.10e-07 1.24e-06 1.98e-08 1.87e-06   0.3
    cb_unq1_decoder (pe_tile_new_unq1_cb_unq1_decoder_0)    0.000    0.000 1.72e-09 1.72e-09   0.0
    clk_gate_config_cb_reg (pe_tile_new_unq1_SNPS_CLOCK_GATE_HIGH_cb_unq1_0_0) 5.07e-07    0.000 7.28e-10 5.07e-07   0.1
  cb_data1 (pe_tile_new_unq1_cb_unq1_1) 5.46e-07 2.84e-07 1.90e-08 8.49e-07   0.1
    cb_unq1_decoder (pe_tile_new_unq1_cb_unq1_decoder_1)    0.000    0.000 1.01e-09 1.01e-09   0.0
    clk_gate_config_cb_reg (pe_tile_new_unq1_SNPS_CLOCK_GATE_HIGH_cb_unq1_0_1) 5.08e-07    0.000 6.07e-10 5.09e-07   0.1
  cb_cg_en (pe_tile_new_unq1_cb_unq2_0) 5.07e-07    0.000 1.55e-08 5.22e-07   0.1
    clk_gate_config_cb_reg (pe_tile_new_unq1_SNPS_CLOCK_GATE_HIGH_cb_unq2_0_1) 5.07e-07    0.000 7.28e-10 5.07e-07   0.1
1
