****************************************
Report : Averaged Power
	-nosplit
Design : pe_tile_new_unq1
Version: Q-2019.12-SP2
Date   : Tue Mar 16 02:26:23 2021
****************************************



  Attributes
  ----------
      i  -  Including register clock pin internal power
      u  -  User defined power group

                        Internal  Switching  Leakage    Total
Power Group             Power     Power      Power      Power   (     %)  Attrs
--------------------------------------------------------------------------------
clock_network           2.587e-04 7.529e-05 2.512e-08 3.340e-04 (36.39%)  i
register                2.403e-05 2.107e-05 2.811e-07 4.538e-05 ( 4.94%)  
combinational           1.184e-04 4.195e-04 5.872e-07 5.386e-04 (58.67%)  
sequential                 0.0000    0.0000    0.0000    0.0000 ( 0.00%)  
memory                     0.0000    0.0000    0.0000    0.0000 ( 0.00%)  
io_pad                     0.0000    0.0000    0.0000    0.0000 ( 0.00%)  
black_box                  0.0000    0.0000    0.0000    0.0000 ( 0.00%)  

  Net Switching Power  = 5.159e-04   (56.20%)
  Cell Internal Power  = 4.012e-04   (43.70%)
  Cell Leakage Power   = 8.935e-07   ( 0.10%)
                         ---------
Total Power            = 9.180e-04  (100.00%)

1
