****************************************
Report : Averaged Power
	-nosplit
Design : pe_tile_new_unq1
Version: Q-2019.12-SP2
Date   : Tue Mar 16 02:25:54 2021
****************************************



  Attributes
  ----------
      i  -  Including register clock pin internal power
      u  -  User defined power group

                        Internal  Switching  Leakage    Total
Power Group             Power     Power      Power      Power   (     %)  Attrs
--------------------------------------------------------------------------------
clock_network           2.560e-04 7.457e-05 2.510e-08 3.306e-04 (46.85%)  i
register                1.436e-05 1.253e-05 2.809e-07 2.717e-05 ( 3.85%)  
combinational           7.383e-05 2.736e-04 5.871e-07 3.480e-04 (49.30%)  
sequential                 0.0000    0.0000    0.0000    0.0000 ( 0.00%)  
memory                     0.0000    0.0000    0.0000    0.0000 ( 0.00%)  
io_pad                     0.0000    0.0000    0.0000    0.0000 ( 0.00%)  
black_box                  0.0000    0.0000    0.0000    0.0000 ( 0.00%)  

  Net Switching Power  = 3.607e-04   (51.10%)
  Cell Internal Power  = 3.442e-04   (48.77%)
  Cell Leakage Power   = 8.931e-07   ( 0.13%)
                         ---------
Total Power            = 7.058e-04  (100.00%)

1
