****************************************
Report : Averaged Power
	-nosplit
Design : pe_tile_new_unq1
Version: Q-2019.12-SP2
Date   : Tue Mar 16 02:24:33 2021
****************************************



  Attributes
  ----------
      i  -  Including register clock pin internal power
      u  -  User defined power group

                        Internal  Switching  Leakage    Total
Power Group             Power     Power      Power      Power   (     %)  Attrs
--------------------------------------------------------------------------------
clock_network           2.588e-04 7.535e-05 2.513e-08 3.342e-04 (43.22%)  i
register                1.756e-05 1.542e-05 2.804e-07 3.326e-05 ( 4.30%)  
combinational           8.789e-05 3.173e-04 5.871e-07 4.057e-04 (52.48%)  
sequential                 0.0000    0.0000    0.0000    0.0000 ( 0.00%)  
memory                     0.0000    0.0000    0.0000    0.0000 ( 0.00%)  
io_pad                     0.0000    0.0000    0.0000    0.0000 ( 0.00%)  
black_box                  0.0000    0.0000    0.0000    0.0000 ( 0.00%)  

  Net Switching Power  = 4.080e-04   (52.77%)
  Cell Internal Power  = 3.642e-04   (47.11%)
  Cell Leakage Power   = 8.927e-07   ( 0.12%)
                         ---------
Total Power            = 7.732e-04  (100.00%)

1
