****************************************
Report : Averaged Power
	-nosplit
Design : pe_tile_new_unq1
Version: Q-2019.12-SP2
Date   : Tue Mar 16 02:27:16 2021
****************************************



  Attributes
  ----------
      i  -  Including register clock pin internal power
      u  -  User defined power group

                        Internal  Switching  Leakage    Total
Power Group             Power     Power      Power      Power   (     %)  Attrs
--------------------------------------------------------------------------------
clock_network           2.580e-04 7.505e-05 2.511e-08 3.331e-04 (53.54%)  i
register                1.612e-05 1.189e-05 2.808e-07 2.828e-05 ( 4.55%)  
combinational           5.612e-05 2.041e-04 5.829e-07 2.608e-04 (41.92%)  
sequential                 0.0000    0.0000    0.0000    0.0000 ( 0.00%)  
memory                     0.0000    0.0000    0.0000    0.0000 ( 0.00%)  
io_pad                     0.0000    0.0000    0.0000    0.0000 ( 0.00%)  
black_box                  0.0000    0.0000    0.0000    0.0000 ( 0.00%)  

  Net Switching Power  = 2.910e-04   (46.78%)
  Cell Internal Power  = 3.302e-04   (53.08%)
  Cell Leakage Power   = 8.888e-07   ( 0.14%)
                         ---------
Total Power            = 6.221e-04  (100.00%)

1
