****************************************
Report : Averaged Power
	-nosplit
Design : pe_tile_new_unq1
Version: Q-2019.12-SP2
Date   : Tue Mar 16 02:26:43 2021
****************************************



  Attributes
  ----------
      i  -  Including register clock pin internal power
      u  -  User defined power group

                        Internal  Switching  Leakage    Total
Power Group             Power     Power      Power      Power   (     %)  Attrs
--------------------------------------------------------------------------------
clock_network           2.571e-04 7.482e-05 2.510e-08 3.319e-04 (42.46%)  i
register                1.177e-05 8.062e-06 2.798e-07 2.011e-05 ( 2.57%)  
combinational           9.591e-05 3.332e-04 5.876e-07 4.297e-04 (54.97%)  
sequential                 0.0000    0.0000    0.0000    0.0000 ( 0.00%)  
memory                     0.0000    0.0000    0.0000    0.0000 ( 0.00%)  
io_pad                     0.0000    0.0000    0.0000    0.0000 ( 0.00%)  
black_box                  0.0000    0.0000    0.0000    0.0000 ( 0.00%)  

  Net Switching Power  = 4.161e-04   (53.23%)
  Cell Internal Power  = 3.647e-04   (46.66%)
  Cell Leakage Power   = 8.926e-07   ( 0.11%)
                         ---------
Total Power            = 7.817e-04  (100.00%)

1
